[0.364s] DEBUG:colcon:Command line arguments: ['/usr/bin/colcon', 'build']
[0.364s] DEBUG:colcon:Parsed command line arguments: Namespace(log_base=None, log_level=None, verb_name='build', build_base='build', install_base='install', merge_install=False, symlink_install=False, test_result_base=None, continue_on_error=False, executor='parallel', parallel_workers=2, event_handlers=None, ignore_user_meta=False, metas=['./colcon.meta'], base_paths=['.'], packages_ignore=None, packages_ignore_regex=None, paths=None, packages_up_to=None, packages_up_to_regex=None, packages_above=None, packages_above_and_dependencies=None, packages_above_depth=None, packages_select_by_dep=None, packages_skip_by_dep=None, packages_skip_up_to=None, packages_select_build_failed=False, packages_skip_build_finished=False, packages_select_test_failures=False, packages_skip_test_passed=False, packages_select=None, packages_skip=None, packages_select_regex=None, packages_skip_regex=None, packages_start=None, packages_end=None, allow_overriding=[], cmake_args=None, cmake_target=None, cmake_target_skip_unavailable=False, cmake_clean_cache=False, cmake_clean_first=False, cmake_force_configure=False, ament_cmake_args=None, catkin_cmake_args=None, catkin_skip_building_tests=False, verb_parser=<colcon_defaults.argument_parser.defaults.DefaultArgumentsDecorator object at 0x7a92ab620190>, verb_extension=<colcon_core.verb.build.BuildVerb object at 0x7a92abd36980>, main=<bound method BuildVerb.main of <colcon_core.verb.build.BuildVerb object at 0x7a92abd36980>>)
[0.401s] Level 1:colcon.colcon_core.package_discovery:discover_packages(colcon_meta) check parameters
[0.401s] Level 1:colcon.colcon_core.package_discovery:discover_packages(recursive) check parameters
[0.401s] Level 1:colcon.colcon_core.package_discovery:discover_packages(ignore) check parameters
[0.401s] Level 1:colcon.colcon_core.package_discovery:discover_packages(path) check parameters
[0.402s] Level 1:colcon.colcon_core.package_discovery:discover_packages(colcon_meta) discover
[0.403s] Level 1:colcon.colcon_core.package_discovery:discover_packages(recursive) discover
[0.403s] INFO:colcon.colcon_core.package_discovery:Crawling recursively for packages in '/home/shashank/bumperbot_ws'
[0.404s] Level 1:colcon.colcon_core.package_identification:_identify(.) by extensions ['ignore', 'ignore_ament_install']
[0.404s] Level 1:colcon.colcon_core.package_identification:_identify(.) by extension 'ignore'
[0.404s] Level 1:colcon.colcon_core.package_identification:_identify(.) by extension 'ignore_ament_install'
[0.405s] Level 1:colcon.colcon_core.package_identification:_identify(.) by extensions ['colcon_pkg']
[0.405s] Level 1:colcon.colcon_core.package_identification:_identify(.) by extension 'colcon_pkg'
[0.405s] Level 1:colcon.colcon_core.package_identification:_identify(.) by extensions ['colcon_meta']
[0.405s] Level 1:colcon.colcon_core.package_identification:_identify(.) by extension 'colcon_meta'
[0.405s] Level 1:colcon.colcon_core.package_identification:_identify(.) by extensions ['ros']
[0.406s] Level 1:colcon.colcon_core.package_identification:_identify(.) by extension 'ros'
[0.418s] Level 1:colcon.colcon_core.package_identification:_identify(.) by extensions ['cmake', 'python']
[0.418s] Level 1:colcon.colcon_core.package_identification:_identify(.) by extension 'cmake'
[0.418s] Level 1:colcon.colcon_core.package_identification:_identify(.) by extension 'python'
[0.418s] Level 1:colcon.colcon_core.package_identification:_identify(.) by extensions ['python_setup_py']
[0.419s] Level 1:colcon.colcon_core.package_identification:_identify(.) by extension 'python_setup_py'
[0.419s] Level 1:colcon.colcon_core.package_identification:_identify(build) by extensions ['ignore', 'ignore_ament_install']
[0.420s] Level 1:colcon.colcon_core.package_identification:_identify(build) by extension 'ignore'
[0.420s] Level 1:colcon.colcon_core.package_identification:_identify(build) ignored
[0.420s] Level 1:colcon.colcon_core.package_identification:_identify(install) by extensions ['ignore', 'ignore_ament_install']
[0.421s] Level 1:colcon.colcon_core.package_identification:_identify(install) by extension 'ignore'
[0.422s] Level 1:colcon.colcon_core.package_identification:_identify(install) ignored
[0.422s] Level 1:colcon.colcon_core.package_identification:_identify(log) by extensions ['ignore', 'ignore_ament_install']
[0.422s] Level 1:colcon.colcon_core.package_identification:_identify(log) by extension 'ignore'
[0.423s] Level 1:colcon.colcon_core.package_identification:_identify(log) ignored
[0.423s] Level 1:colcon.colcon_core.package_identification:_identify(src) by extensions ['ignore', 'ignore_ament_install']
[0.424s] Level 1:colcon.colcon_core.package_identification:_identify(src) by extension 'ignore'
[0.424s] Level 1:colcon.colcon_core.package_identification:_identify(src) by extension 'ignore_ament_install'
[0.424s] Level 1:colcon.colcon_core.package_identification:_identify(src) by extensions ['colcon_pkg']
[0.424s] Level 1:colcon.colcon_core.package_identification:_identify(src) by extension 'colcon_pkg'
[0.425s] Level 1:colcon.colcon_core.package_identification:_identify(src) by extensions ['colcon_meta']
[0.425s] Level 1:colcon.colcon_core.package_identification:_identify(src) by extension 'colcon_meta'
[0.425s] Level 1:colcon.colcon_core.package_identification:_identify(src) by extensions ['ros']
[0.425s] Level 1:colcon.colcon_core.package_identification:_identify(src) by extension 'ros'
[0.426s] Level 1:colcon.colcon_core.package_identification:_identify(src) by extensions ['cmake', 'python']
[0.426s] Level 1:colcon.colcon_core.package_identification:_identify(src) by extension 'cmake'
[0.426s] Level 1:colcon.colcon_core.package_identification:_identify(src) by extension 'python'
[0.427s] Level 1:colcon.colcon_core.package_identification:_identify(src) by extensions ['python_setup_py']
[0.427s] Level 1:colcon.colcon_core.package_identification:_identify(src) by extension 'python_setup_py'
[0.427s] Level 1:colcon.colcon_core.package_identification:_identify(src/bumperbot_cpp_example) by extensions ['ignore', 'ignore_ament_install']
[0.428s] Level 1:colcon.colcon_core.package_identification:_identify(src/bumperbot_cpp_example) by extension 'ignore'
[0.428s] Level 1:colcon.colcon_core.package_identification:_identify(src/bumperbot_cpp_example) by extension 'ignore_ament_install'
[0.428s] Level 1:colcon.colcon_core.package_identification:_identify(src/bumperbot_cpp_example) by extensions ['colcon_pkg']
[0.428s] Level 1:colcon.colcon_core.package_identification:_identify(src/bumperbot_cpp_example) by extension 'colcon_pkg'
[0.429s] Level 1:colcon.colcon_core.package_identification:_identify(src/bumperbot_cpp_example) by extensions ['colcon_meta']
[0.429s] Level 1:colcon.colcon_core.package_identification:_identify(src/bumperbot_cpp_example) by extension 'colcon_meta'
[0.429s] Level 1:colcon.colcon_core.package_identification:_identify(src/bumperbot_cpp_example) by extensions ['ros']
[0.429s] Level 1:colcon.colcon_core.package_identification:_identify(src/bumperbot_cpp_example) by extension 'ros'
[0.432s] DEBUG:colcon.colcon_core.package_identification:Package 'src/bumperbot_cpp_example' with type 'ros.ament_cmake' and name 'bumperbot_cpp_example'
[0.432s] Level 1:colcon.colcon_core.package_identification:_identify(src/bumperbot_description) by extensions ['ignore', 'ignore_ament_install']
[0.433s] Level 1:colcon.colcon_core.package_identification:_identify(src/bumperbot_description) by extension 'ignore'
[0.433s] Level 1:colcon.colcon_core.package_identification:_identify(src/bumperbot_description) by extension 'ignore_ament_install'
[0.433s] Level 1:colcon.colcon_core.package_identification:_identify(src/bumperbot_description) by extensions ['colcon_pkg']
[0.433s] Level 1:colcon.colcon_core.package_identification:_identify(src/bumperbot_description) by extension 'colcon_pkg'
[0.434s] Level 1:colcon.colcon_core.package_identification:_identify(src/bumperbot_description) by extensions ['colcon_meta']
[0.434s] Level 1:colcon.colcon_core.package_identification:_identify(src/bumperbot_description) by extension 'colcon_meta'
[0.434s] Level 1:colcon.colcon_core.package_identification:_identify(src/bumperbot_description) by extensions ['ros']
[0.434s] Level 1:colcon.colcon_core.package_identification:_identify(src/bumperbot_description) by extension 'ros'
[0.436s] DEBUG:colcon.colcon_core.package_identification:Package 'src/bumperbot_description' with type 'ros.ament_cmake' and name 'bumperbot_description'
[0.436s] Level 1:colcon.colcon_core.package_identification:_identify(src/bumperbot_py_examples) by extensions ['ignore', 'ignore_ament_install']
[0.437s] Level 1:colcon.colcon_core.package_identification:_identify(src/bumperbot_py_examples) by extension 'ignore'
[0.437s] Level 1:colcon.colcon_core.package_identification:_identify(src/bumperbot_py_examples) by extension 'ignore_ament_install'
[0.438s] Level 1:colcon.colcon_core.package_identification:_identify(src/bumperbot_py_examples) by extensions ['colcon_pkg']
[0.438s] Level 1:colcon.colcon_core.package_identification:_identify(src/bumperbot_py_examples) by extension 'colcon_pkg'
[0.438s] Level 1:colcon.colcon_core.package_identification:_identify(src/bumperbot_py_examples) by extensions ['colcon_meta']
[0.439s] Level 1:colcon.colcon_core.package_identification:_identify(src/bumperbot_py_examples) by extension 'colcon_meta'
[0.439s] Level 1:colcon.colcon_core.package_identification:_identify(src/bumperbot_py_examples) by extensions ['ros']
[0.439s] Level 1:colcon.colcon_core.package_identification:_identify(src/bumperbot_py_examples) by extension 'ros'
[0.440s] DEBUG:colcon.colcon_core.package_identification:Package 'src/bumperbot_py_examples' with type 'ros.ament_python' and name 'bumperbot_py_examples'
[0.441s] Level 1:colcon.colcon_core.package_discovery:discover_packages(recursive) using defaults
[0.441s] Level 1:colcon.colcon_core.package_discovery:discover_packages(ignore) discover
[0.441s] Level 1:colcon.colcon_core.package_discovery:discover_packages(ignore) using defaults
[0.441s] Level 1:colcon.colcon_core.package_discovery:discover_packages(path) discover
[0.441s] Level 1:colcon.colcon_core.package_discovery:discover_packages(path) using defaults
[0.487s] Level 1:colcon.colcon_core.package_discovery:discover_packages(prefix_path) check parameters
[0.487s] Level 1:colcon.colcon_core.package_discovery:discover_packages(prefix_path) discover
[0.491s] DEBUG:colcon.colcon_installed_package_information.package_discovery:Found 3 installed packages in /home/shashank/bumperbot_ws/install
[0.494s] DEBUG:colcon.colcon_installed_package_information.package_discovery:Found 440 installed packages in /opt/ros/humble
[0.497s] Level 1:colcon.colcon_core.package_discovery:discover_packages(prefix_path) using defaults
[0.612s] Level 5:colcon.colcon_core.verb:set package 'bumperbot_cpp_example' build argument 'cmake_args' from command line to 'None'
[0.612s] Level 5:colcon.colcon_core.verb:set package 'bumperbot_cpp_example' build argument 'cmake_target' from command line to 'None'
[0.612s] Level 5:colcon.colcon_core.verb:set package 'bumperbot_cpp_example' build argument 'cmake_target_skip_unavailable' from command line to 'False'
[0.612s] Level 5:colcon.colcon_core.verb:set package 'bumperbot_cpp_example' build argument 'cmake_clean_cache' from command line to 'False'
[0.612s] Level 5:colcon.colcon_core.verb:set package 'bumperbot_cpp_example' build argument 'cmake_clean_first' from command line to 'False'
[0.612s] Level 5:colcon.colcon_core.verb:set package 'bumperbot_cpp_example' build argument 'cmake_force_configure' from command line to 'False'
[0.612s] Level 5:colcon.colcon_core.verb:set package 'bumperbot_cpp_example' build argument 'ament_cmake_args' from command line to 'None'
[0.612s] Level 5:colcon.colcon_core.verb:set package 'bumperbot_cpp_example' build argument 'catkin_cmake_args' from command line to 'None'
[0.612s] Level 5:colcon.colcon_core.verb:set package 'bumperbot_cpp_example' build argument 'catkin_skip_building_tests' from command line to 'False'
[0.612s] DEBUG:colcon.colcon_core.verb:Building package 'bumperbot_cpp_example' with the following arguments: {'ament_cmake_args': None, 'build_base': '/home/shashank/bumperbot_ws/build/bumperbot_cpp_example', 'catkin_cmake_args': None, 'catkin_skip_building_tests': False, 'cmake_args': None, 'cmake_clean_cache': False, 'cmake_clean_first': False, 'cmake_force_configure': False, 'cmake_target': None, 'cmake_target_skip_unavailable': False, 'install_base': '/home/shashank/bumperbot_ws/install/bumperbot_cpp_example', 'merge_install': False, 'path': '/home/shashank/bumperbot_ws/src/bumperbot_cpp_example', 'symlink_install': False, 'test_result_base': None}
[0.614s] Level 5:colcon.colcon_core.verb:set package 'bumperbot_description' build argument 'cmake_args' from command line to 'None'
[0.614s] Level 5:colcon.colcon_core.verb:set package 'bumperbot_description' build argument 'cmake_target' from command line to 'None'
[0.614s] Level 5:colcon.colcon_core.verb:set package 'bumperbot_description' build argument 'cmake_target_skip_unavailable' from command line to 'False'
[0.614s] Level 5:colcon.colcon_core.verb:set package 'bumperbot_description' build argument 'cmake_clean_cache' from command line to 'False'
[0.614s] Level 5:colcon.colcon_core.verb:set package 'bumperbot_description' build argument 'cmake_clean_first' from command line to 'False'
[0.614s] Level 5:colcon.colcon_core.verb:set package 'bumperbot_description' build argument 'cmake_force_configure' from command line to 'False'
[0.614s] Level 5:colcon.colcon_core.verb:set package 'bumperbot_description' build argument 'ament_cmake_args' from command line to 'None'
[0.614s] Level 5:colcon.colcon_core.verb:set package 'bumperbot_description' build argument 'catkin_cmake_args' from command line to 'None'
[0.614s] Level 5:colcon.colcon_core.verb:set package 'bumperbot_description' build argument 'catkin_skip_building_tests' from command line to 'False'
[0.615s] DEBUG:colcon.colcon_core.verb:Building package 'bumperbot_description' with the following arguments: {'ament_cmake_args': None, 'build_base': '/home/shashank/bumperbot_ws/build/bumperbot_description', 'catkin_cmake_args': None, 'catkin_skip_building_tests': False, 'cmake_args': None, 'cmake_clean_cache': False, 'cmake_clean_first': False, 'cmake_force_configure': False, 'cmake_target': None, 'cmake_target_skip_unavailable': False, 'install_base': '/home/shashank/bumperbot_ws/install/bumperbot_description', 'merge_install': False, 'path': '/home/shashank/bumperbot_ws/src/bumperbot_description', 'symlink_install': False, 'test_result_base': None}
[0.616s] Level 5:colcon.colcon_core.verb:set package 'bumperbot_py_examples' build argument 'cmake_args' from command line to 'None'
[0.616s] Level 5:colcon.colcon_core.verb:set package 'bumperbot_py_examples' build argument 'cmake_target' from command line to 'None'
[0.616s] Level 5:colcon.colcon_core.verb:set package 'bumperbot_py_examples' build argument 'cmake_target_skip_unavailable' from command line to 'False'
[0.616s] Level 5:colcon.colcon_core.verb:set package 'bumperbot_py_examples' build argument 'cmake_clean_cache' from command line to 'False'
[0.616s] Level 5:colcon.colcon_core.verb:set package 'bumperbot_py_examples' build argument 'cmake_clean_first' from command line to 'False'
[0.616s] Level 5:colcon.colcon_core.verb:set package 'bumperbot_py_examples' build argument 'cmake_force_configure' from command line to 'False'
[0.616s] Level 5:colcon.colcon_core.verb:set package 'bumperbot_py_examples' build argument 'ament_cmake_args' from command line to 'None'
[0.616s] Level 5:colcon.colcon_core.verb:set package 'bumperbot_py_examples' build argument 'catkin_cmake_args' from command line to 'None'
[0.616s] Level 5:colcon.colcon_core.verb:set package 'bumperbot_py_examples' build argument 'catkin_skip_building_tests' from command line to 'False'
[0.616s] DEBUG:colcon.colcon_core.verb:Building package 'bumperbot_py_examples' with the following arguments: {'ament_cmake_args': None, 'build_base': '/home/shashank/bumperbot_ws/build/bumperbot_py_examples', 'catkin_cmake_args': None, 'catkin_skip_building_tests': False, 'cmake_args': None, 'cmake_clean_cache': False, 'cmake_clean_first': False, 'cmake_force_configure': False, 'cmake_target': None, 'cmake_target_skip_unavailable': False, 'install_base': '/home/shashank/bumperbot_ws/install/bumperbot_py_examples', 'merge_install': False, 'path': '/home/shashank/bumperbot_ws/src/bumperbot_py_examples', 'symlink_install': False, 'test_result_base': None}
[0.617s] INFO:colcon.colcon_core.executor:Executing jobs using 'parallel' executor
[0.622s] DEBUG:colcon.colcon_parallel_executor.executor.parallel:run_until_complete
[0.622s] INFO:colcon.colcon_ros.task.ament_cmake.build:Building ROS package in '/home/shashank/bumperbot_ws/src/bumperbot_cpp_example' with build type 'ament_cmake'
[0.622s] INFO:colcon.colcon_cmake.task.cmake.build:Building CMake package in '/home/shashank/bumperbot_ws/src/bumperbot_cpp_example'
[0.629s] INFO:colcon.colcon_core.plugin_system:Skipping extension 'colcon_core.shell.bat': Not used on non-Windows systems
[0.630s] INFO:colcon.colcon_core.shell:Skip shell extension 'powershell' for command environment: Not usable outside of PowerShell
[0.630s] DEBUG:colcon.colcon_core.shell:Skip shell extension 'dsv' for command environment
[0.646s] INFO:colcon.colcon_ros.task.ament_cmake.build:Building ROS package in '/home/shashank/bumperbot_ws/src/bumperbot_description' with build type 'ament_cmake'
[0.647s] INFO:colcon.colcon_cmake.task.cmake.build:Building CMake package in '/home/shashank/bumperbot_ws/src/bumperbot_description'
[0.648s] INFO:colcon.colcon_core.shell:Skip shell extension 'powershell' for command environment: Not usable outside of PowerShell
[0.649s] DEBUG:colcon.colcon_core.shell:Skip shell extension 'dsv' for command environment
[0.688s] DEBUG:colcon.colcon_core.event_handler.log_command:Invoking command in '/home/shashank/bumperbot_ws/build/bumperbot_cpp_example': CMAKE_PREFIX_PATH=${CMAKE_PREFIX_PATH}:/home/shashank/bumperbot_ws/install/bumperbot_py_examples:/opt/ros/humble /usr/bin/cmake --build /home/shashank/bumperbot_ws/build/bumperbot_cpp_example -- -j2 -l2
[0.710s] DEBUG:colcon.colcon_core.event_handler.log_command:Invoking command in '/home/shashank/bumperbot_ws/build/bumperbot_description': CMAKE_PREFIX_PATH=${CMAKE_PREFIX_PATH}:/home/shashank/bumperbot_ws/install/bumperbot_py_examples:/opt/ros/humble /usr/bin/cmake --build /home/shashank/bumperbot_ws/build/bumperbot_description -- -j2 -l2
[0.780s] DEBUG:colcon.colcon_core.event_handler.log_command:Invoked command in '/home/shashank/bumperbot_ws/build/bumperbot_cpp_example' returned '0': CMAKE_PREFIX_PATH=${CMAKE_PREFIX_PATH}:/home/shashank/bumperbot_ws/install/bumperbot_py_examples:/opt/ros/humble /usr/bin/cmake --build /home/shashank/bumperbot_ws/build/bumperbot_cpp_example -- -j2 -l2
[0.802s] DEBUG:colcon.colcon_core.event_handler.log_command:Invoked command in '/home/shashank/bumperbot_ws/build/bumperbot_description' returned '0': CMAKE_PREFIX_PATH=${CMAKE_PREFIX_PATH}:/home/shashank/bumperbot_ws/install/bumperbot_py_examples:/opt/ros/humble /usr/bin/cmake --build /home/shashank/bumperbot_ws/build/bumperbot_description -- -j2 -l2
[0.891s] DEBUG:colcon.colcon_core.event_handler.log_command:Invoking command in '/home/shashank/bumperbot_ws/build/bumperbot_description': CMAKE_PREFIX_PATH=${CMAKE_PREFIX_PATH}:/home/shashank/bumperbot_ws/install/bumperbot_py_examples:/opt/ros/humble /usr/bin/cmake --install /home/shashank/bumperbot_ws/build/bumperbot_description
[0.893s] DEBUG:colcon.colcon_core.event_handler.log_command:Invoking command in '/home/shashank/bumperbot_ws/build/bumperbot_cpp_example': CMAKE_PREFIX_PATH=${CMAKE_PREFIX_PATH}:/home/shashank/bumperbot_ws/install/bumperbot_py_examples:/opt/ros/humble /usr/bin/cmake --install /home/shashank/bumperbot_ws/build/bumperbot_cpp_example
[0.911s] Level 1:colcon.colcon_core.environment:create_environment_scripts_only(bumperbot_cpp_example)
[0.921s] Level 1:colcon.colcon_core.environment:checking '/home/shashank/bumperbot_ws/install/bumperbot_cpp_example' for CMake module files
[0.923s] Level 1:colcon.colcon_core.environment:checking '/home/shashank/bumperbot_ws/install/bumperbot_cpp_example' for CMake config files
[0.923s] Level 1:colcon.colcon_core.shell:create_environment_hook('bumperbot_cpp_example', 'cmake_prefix_path')
[0.925s] INFO:colcon.colcon_core.shell:Creating environment hook '/home/shashank/bumperbot_ws/install/bumperbot_cpp_example/share/bumperbot_cpp_example/hook/cmake_prefix_path.ps1'
[0.927s] INFO:colcon.colcon_core.shell:Creating environment descriptor '/home/shashank/bumperbot_ws/install/bumperbot_cpp_example/share/bumperbot_cpp_example/hook/cmake_prefix_path.dsv'
[0.930s] INFO:colcon.colcon_core.shell:Creating environment hook '/home/shashank/bumperbot_ws/install/bumperbot_cpp_example/share/bumperbot_cpp_example/hook/cmake_prefix_path.sh'
[0.932s] Level 1:colcon.colcon_core.environment:checking '/home/shashank/bumperbot_ws/install/bumperbot_cpp_example/bin'
[0.932s] Level 1:colcon.colcon_core.environment:checking '/home/shashank/bumperbot_ws/install/bumperbot_cpp_example/lib/pkgconfig/bumperbot_cpp_example.pc'
[0.932s] Level 1:colcon.colcon_core.environment:checking '/home/shashank/bumperbot_ws/install/bumperbot_cpp_example/lib/python3.10/site-packages'
[0.933s] Level 1:colcon.colcon_core.environment:checking '/home/shashank/bumperbot_ws/install/bumperbot_cpp_example/bin'
[0.934s] INFO:colcon.colcon_core.shell:Creating package script '/home/shashank/bumperbot_ws/install/bumperbot_cpp_example/share/bumperbot_cpp_example/package.ps1'
[0.936s] DEBUG:colcon.colcon_core.event_handler.log_command:Invoked command in '/home/shashank/bumperbot_ws/build/bumperbot_cpp_example' returned '0': CMAKE_PREFIX_PATH=${CMAKE_PREFIX_PATH}:/home/shashank/bumperbot_ws/install/bumperbot_py_examples:/opt/ros/humble /usr/bin/cmake --install /home/shashank/bumperbot_ws/build/bumperbot_cpp_example
[0.941s] INFO:colcon.colcon_core.shell:Creating package descriptor '/home/shashank/bumperbot_ws/install/bumperbot_cpp_example/share/bumperbot_cpp_example/package.dsv'
[0.942s] INFO:colcon.colcon_core.shell:Creating package script '/home/shashank/bumperbot_ws/install/bumperbot_cpp_example/share/bumperbot_cpp_example/package.sh'
[0.944s] INFO:colcon.colcon_core.shell:Creating package script '/home/shashank/bumperbot_ws/install/bumperbot_cpp_example/share/bumperbot_cpp_example/package.bash'
[0.945s] INFO:colcon.colcon_core.shell:Creating package script '/home/shashank/bumperbot_ws/install/bumperbot_cpp_example/share/bumperbot_cpp_example/package.zsh'
[0.946s] Level 1:colcon.colcon_core.environment:create_file_with_runtime_dependencies(/home/shashank/bumperbot_ws/install/bumperbot_cpp_example/share/colcon-core/packages/bumperbot_cpp_example)
[0.953s] Level 1:colcon.colcon_core.environment:create_environment_scripts_only(bumperbot_description)
[0.954s] DEBUG:colcon.colcon_core.event_handler.log_command:Invoked command in '/home/shashank/bumperbot_ws/build/bumperbot_description' returned '0': CMAKE_PREFIX_PATH=${CMAKE_PREFIX_PATH}:/home/shashank/bumperbot_ws/install/bumperbot_py_examples:/opt/ros/humble /usr/bin/cmake --install /home/shashank/bumperbot_ws/build/bumperbot_description
[0.956s] Level 1:colcon.colcon_core.environment:checking '/home/shashank/bumperbot_ws/install/bumperbot_description' for CMake module files
[0.962s] Level 1:colcon.colcon_core.environment:checking '/home/shashank/bumperbot_ws/install/bumperbot_description' for CMake config files
[0.962s] Level 1:colcon.colcon_core.shell:create_environment_hook('bumperbot_description', 'cmake_prefix_path')
[0.964s] INFO:colcon.colcon_core.shell:Creating environment hook '/home/shashank/bumperbot_ws/install/bumperbot_description/share/bumperbot_description/hook/cmake_prefix_path.ps1'
[0.965s] INFO:colcon.colcon_core.shell:Creating environment descriptor '/home/shashank/bumperbot_ws/install/bumperbot_description/share/bumperbot_description/hook/cmake_prefix_path.dsv'
[0.969s] INFO:colcon.colcon_core.shell:Creating environment hook '/home/shashank/bumperbot_ws/install/bumperbot_description/share/bumperbot_description/hook/cmake_prefix_path.sh'
[0.973s] Level 1:colcon.colcon_core.environment:checking '/home/shashank/bumperbot_ws/install/bumperbot_description/bin'
[0.973s] Level 1:colcon.colcon_core.environment:checking '/home/shashank/bumperbot_ws/install/bumperbot_description/lib/pkgconfig/bumperbot_description.pc'
[0.973s] Level 1:colcon.colcon_core.environment:checking '/home/shashank/bumperbot_ws/install/bumperbot_description/lib/python3.10/site-packages'
[0.974s] Level 1:colcon.colcon_core.environment:checking '/home/shashank/bumperbot_ws/install/bumperbot_description/bin'
[0.975s] INFO:colcon.colcon_core.shell:Creating package script '/home/shashank/bumperbot_ws/install/bumperbot_description/share/bumperbot_description/package.ps1'
[0.981s] INFO:colcon.colcon_core.shell:Creating package descriptor '/home/shashank/bumperbot_ws/install/bumperbot_description/share/bumperbot_description/package.dsv'
[0.983s] INFO:colcon.colcon_core.shell:Creating package script '/home/shashank/bumperbot_ws/install/bumperbot_description/share/bumperbot_description/package.sh'
[0.984s] INFO:colcon.colcon_core.shell:Creating package script '/home/shashank/bumperbot_ws/install/bumperbot_description/share/bumperbot_description/package.bash'
[0.985s] INFO:colcon.colcon_core.shell:Creating package script '/home/shashank/bumperbot_ws/install/bumperbot_description/share/bumperbot_description/package.zsh'
[0.989s] Level 1:colcon.colcon_core.environment:create_file_with_runtime_dependencies(/home/shashank/bumperbot_ws/install/bumperbot_description/share/colcon-core/packages/bumperbot_description)
[1.023s] Level 1:colcon.colcon_core.environment:create_environment_scripts_only(bumperbot_cpp_example)
[1.026s] Level 1:colcon.colcon_core.environment:checking '/home/shashank/bumperbot_ws/install/bumperbot_cpp_example' for CMake module files
[1.030s] Level 1:colcon.colcon_core.environment:checking '/home/shashank/bumperbot_ws/install/bumperbot_cpp_example' for CMake config files
[1.030s] Level 1:colcon.colcon_core.shell:create_environment_hook('bumperbot_cpp_example', 'cmake_prefix_path')
[1.033s] INFO:colcon.colcon_core.shell:Creating environment hook '/home/shashank/bumperbot_ws/install/bumperbot_cpp_example/share/bumperbot_cpp_example/hook/cmake_prefix_path.ps1'
[1.034s] INFO:colcon.colcon_core.shell:Creating environment descriptor '/home/shashank/bumperbot_ws/install/bumperbot_cpp_example/share/bumperbot_cpp_example/hook/cmake_prefix_path.dsv'
[1.035s] INFO:colcon.colcon_core.shell:Creating environment hook '/home/shashank/bumperbot_ws/install/bumperbot_cpp_example/share/bumperbot_cpp_example/hook/cmake_prefix_path.sh'
[1.036s] Level 1:colcon.colcon_core.environment:checking '/home/shashank/bumperbot_ws/install/bumperbot_cpp_example/bin'
[1.037s] Level 1:colcon.colcon_core.environment:checking '/home/shashank/bumperbot_ws/install/bumperbot_cpp_example/lib/pkgconfig/bumperbot_cpp_example.pc'
[1.037s] Level 1:colcon.colcon_core.environment:checking '/home/shashank/bumperbot_ws/install/bumperbot_cpp_example/lib/python3.10/site-packages'
[1.038s] Level 1:colcon.colcon_core.environment:checking '/home/shashank/bumperbot_ws/install/bumperbot_cpp_example/bin'
[1.040s] INFO:colcon.colcon_core.shell:Creating package script '/home/shashank/bumperbot_ws/install/bumperbot_cpp_example/share/bumperbot_cpp_example/package.ps1'
[1.041s] INFO:colcon.colcon_core.shell:Creating package descriptor '/home/shashank/bumperbot_ws/install/bumperbot_cpp_example/share/bumperbot_cpp_example/package.dsv'
[1.042s] INFO:colcon.colcon_core.shell:Creating package script '/home/shashank/bumperbot_ws/install/bumperbot_cpp_example/share/bumperbot_cpp_example/package.sh'
[1.044s] INFO:colcon.colcon_core.shell:Creating package script '/home/shashank/bumperbot_ws/install/bumperbot_cpp_example/share/bumperbot_cpp_example/package.bash'
[1.045s] INFO:colcon.colcon_core.shell:Creating package script '/home/shashank/bumperbot_ws/install/bumperbot_cpp_example/share/bumperbot_cpp_example/package.zsh'
[1.046s] Level 1:colcon.colcon_core.environment:create_file_with_runtime_dependencies(/home/shashank/bumperbot_ws/install/bumperbot_cpp_example/share/colcon-core/packages/bumperbot_cpp_example)
[1.049s] INFO:colcon.colcon_ros.task.ament_python.build:Building ROS package in '/home/shashank/bumperbot_ws/src/bumperbot_py_examples' with build type 'ament_python'
[1.050s] Level 1:colcon.colcon_core.shell:create_environment_hook('bumperbot_py_examples', 'ament_prefix_path')
[1.051s] INFO:colcon.colcon_core.shell:Creating environment hook '/home/shashank/bumperbot_ws/install/bumperbot_py_examples/share/bumperbot_py_examples/hook/ament_prefix_path.ps1'
[1.053s] INFO:colcon.colcon_core.shell:Creating environment descriptor '/home/shashank/bumperbot_ws/install/bumperbot_py_examples/share/bumperbot_py_examples/hook/ament_prefix_path.dsv'
[1.053s] INFO:colcon.colcon_core.shell:Creating environment hook '/home/shashank/bumperbot_ws/install/bumperbot_py_examples/share/bumperbot_py_examples/hook/ament_prefix_path.sh'
[1.056s] INFO:colcon.colcon_core.shell:Skip shell extension 'powershell' for command environment: Not usable outside of PowerShell
[1.056s] DEBUG:colcon.colcon_core.shell:Skip shell extension 'dsv' for command environment
[1.074s] Level 1:colcon.colcon_core.environment:create_environment_scripts_only(bumperbot_description)
[1.076s] Level 1:colcon.colcon_core.environment:checking '/home/shashank/bumperbot_ws/install/bumperbot_description' for CMake module files
[1.078s] Level 1:colcon.colcon_core.environment:checking '/home/shashank/bumperbot_ws/install/bumperbot_description' for CMake config files
[1.078s] Level 1:colcon.colcon_core.shell:create_environment_hook('bumperbot_description', 'cmake_prefix_path')
[1.080s] INFO:colcon.colcon_core.shell:Creating environment hook '/home/shashank/bumperbot_ws/install/bumperbot_description/share/bumperbot_description/hook/cmake_prefix_path.ps1'
[1.082s] INFO:colcon.colcon_core.shell:Creating environment descriptor '/home/shashank/bumperbot_ws/install/bumperbot_description/share/bumperbot_description/hook/cmake_prefix_path.dsv'
[1.084s] INFO:colcon.colcon_core.shell:Creating environment hook '/home/shashank/bumperbot_ws/install/bumperbot_description/share/bumperbot_description/hook/cmake_prefix_path.sh'
[1.086s] Level 1:colcon.colcon_core.environment:checking '/home/shashank/bumperbot_ws/install/bumperbot_description/bin'
[1.086s] Level 1:colcon.colcon_core.environment:checking '/home/shashank/bumperbot_ws/install/bumperbot_description/lib/pkgconfig/bumperbot_description.pc'
[1.086s] Level 1:colcon.colcon_core.environment:checking '/home/shashank/bumperbot_ws/install/bumperbot_description/lib/python3.10/site-packages'
[1.087s] Level 1:colcon.colcon_core.environment:checking '/home/shashank/bumperbot_ws/install/bumperbot_description/bin'
[1.089s] INFO:colcon.colcon_core.shell:Creating package script '/home/shashank/bumperbot_ws/install/bumperbot_description/share/bumperbot_description/package.ps1'
[1.090s] INFO:colcon.colcon_core.shell:Creating package descriptor '/home/shashank/bumperbot_ws/install/bumperbot_description/share/bumperbot_description/package.dsv'
[1.092s] INFO:colcon.colcon_core.shell:Creating package script '/home/shashank/bumperbot_ws/install/bumperbot_description/share/bumperbot_description/package.sh'
[1.093s] INFO:colcon.colcon_core.shell:Creating package script '/home/shashank/bumperbot_ws/install/bumperbot_description/share/bumperbot_description/package.bash'
[1.095s] INFO:colcon.colcon_core.shell:Creating package script '/home/shashank/bumperbot_ws/install/bumperbot_description/share/bumperbot_description/package.zsh'
[1.097s] Level 1:colcon.colcon_core.environment:create_file_with_runtime_dependencies(/home/shashank/bumperbot_ws/install/bumperbot_description/share/colcon-core/packages/bumperbot_description)
[1.425s] INFO:colcon.colcon_core.task.python.build:Building Python package in '/home/shashank/bumperbot_ws/src/bumperbot_py_examples'
[1.426s] INFO:colcon.colcon_core.shell:Skip shell extension 'powershell' for command environment: Not usable outside of PowerShell
[1.427s] DEBUG:colcon.colcon_core.shell:Skip shell extension 'dsv' for command environment
[1.863s] DEBUG:colcon.colcon_core.event_handler.log_command:Invoking command in '/home/shashank/bumperbot_ws/src/bumperbot_py_examples': PYTHONPATH=/home/shashank/bumperbot_ws/build/bumperbot_py_examples/prefix_override:/home/shashank/bumperbot_ws/install/bumperbot_py_examples/lib/python3.10/site-packages:${PYTHONPATH} /usr/bin/python3 setup.py egg_info --egg-base ../../build/bumperbot_py_examples build --build-base /home/shashank/bumperbot_ws/build/bumperbot_py_examples/build install --record /home/shashank/bumperbot_ws/build/bumperbot_py_examples/install.log --single-version-externally-managed
[2.256s] Level 1:colcon.colcon_core.environment:checking '/home/shashank/bumperbot_ws/install/bumperbot_py_examples' for CMake module files
[2.257s] DEBUG:colcon.colcon_core.event_handler.log_command:Invoked command in '/home/shashank/bumperbot_ws/src/bumperbot_py_examples' returned '0': PYTHONPATH=/home/shashank/bumperbot_ws/build/bumperbot_py_examples/prefix_override:/home/shashank/bumperbot_ws/install/bumperbot_py_examples/lib/python3.10/site-packages:${PYTHONPATH} /usr/bin/python3 setup.py egg_info --egg-base ../../build/bumperbot_py_examples build --build-base /home/shashank/bumperbot_ws/build/bumperbot_py_examples/build install --record /home/shashank/bumperbot_ws/build/bumperbot_py_examples/install.log --single-version-externally-managed
[2.258s] Level 1:colcon.colcon_core.environment:checking '/home/shashank/bumperbot_ws/install/bumperbot_py_examples' for CMake config files
[2.259s] Level 1:colcon.colcon_core.environment:checking '/home/shashank/bumperbot_ws/install/bumperbot_py_examples/lib'
[2.260s] Level 1:colcon.colcon_core.environment:checking '/home/shashank/bumperbot_ws/install/bumperbot_py_examples/bin'
[2.260s] Level 1:colcon.colcon_core.environment:checking '/home/shashank/bumperbot_ws/install/bumperbot_py_examples/lib/pkgconfig/bumperbot_py_examples.pc'
[2.261s] Level 1:colcon.colcon_core.environment:checking '/home/shashank/bumperbot_ws/install/bumperbot_py_examples/lib/python3.10/site-packages'
[2.261s] Level 1:colcon.colcon_core.shell:create_environment_hook('bumperbot_py_examples', 'pythonpath')
[2.262s] INFO:colcon.colcon_core.shell:Creating environment hook '/home/shashank/bumperbot_ws/install/bumperbot_py_examples/share/bumperbot_py_examples/hook/pythonpath.ps1'
[2.264s] INFO:colcon.colcon_core.shell:Creating environment descriptor '/home/shashank/bumperbot_ws/install/bumperbot_py_examples/share/bumperbot_py_examples/hook/pythonpath.dsv'
[2.265s] INFO:colcon.colcon_core.shell:Creating environment hook '/home/shashank/bumperbot_ws/install/bumperbot_py_examples/share/bumperbot_py_examples/hook/pythonpath.sh'
[2.267s] Level 1:colcon.colcon_core.environment:checking '/home/shashank/bumperbot_ws/install/bumperbot_py_examples/bin'
[2.268s] Level 1:colcon.colcon_core.environment:create_environment_scripts_only(bumperbot_py_examples)
[2.270s] INFO:colcon.colcon_core.shell:Creating package script '/home/shashank/bumperbot_ws/install/bumperbot_py_examples/share/bumperbot_py_examples/package.ps1'
[2.273s] INFO:colcon.colcon_core.shell:Creating package descriptor '/home/shashank/bumperbot_ws/install/bumperbot_py_examples/share/bumperbot_py_examples/package.dsv'
[2.274s] INFO:colcon.colcon_core.shell:Creating package script '/home/shashank/bumperbot_ws/install/bumperbot_py_examples/share/bumperbot_py_examples/package.sh'
[2.276s] INFO:colcon.colcon_core.shell:Creating package script '/home/shashank/bumperbot_ws/install/bumperbot_py_examples/share/bumperbot_py_examples/package.bash'
[2.277s] INFO:colcon.colcon_core.shell:Creating package script '/home/shashank/bumperbot_ws/install/bumperbot_py_examples/share/bumperbot_py_examples/package.zsh'
[2.278s] Level 1:colcon.colcon_core.environment:create_file_with_runtime_dependencies(/home/shashank/bumperbot_ws/install/bumperbot_py_examples/share/colcon-core/packages/bumperbot_py_examples)
[2.280s] DEBUG:colcon.colcon_parallel_executor.executor.parallel:closing loop
[2.281s] DEBUG:colcon.colcon_parallel_executor.executor.parallel:loop closed
[2.282s] DEBUG:colcon.colcon_parallel_executor.executor.parallel:run_until_complete finished with '0'
[2.282s] DEBUG:colcon.colcon_core.event_reactor:joining thread
[2.292s] INFO:colcon.colcon_core.plugin_system:Skipping extension 'colcon_notification.desktop_notification.terminal_notifier': Not used on non-Darwin systems
[2.292s] INFO:colcon.colcon_core.plugin_system:Skipping extension 'colcon_notification.desktop_notification.win32': Not used on non-Windows systems
[2.293s] INFO:colcon.colcon_notification.desktop_notification:Sending desktop notification using 'notify2'
[2.327s] DEBUG:colcon.colcon_core.event_reactor:joined thread
[2.329s] INFO:colcon.colcon_core.shell:Creating prefix script '/home/shashank/bumperbot_ws/install/local_setup.ps1'
[2.332s] INFO:colcon.colcon_core.shell:Creating prefix util module '/home/shashank/bumperbot_ws/install/_local_setup_util_ps1.py'
[2.334s] INFO:colcon.colcon_core.shell:Creating prefix chain script '/home/shashank/bumperbot_ws/install/setup.ps1'
[2.338s] INFO:colcon.colcon_core.shell:Creating prefix script '/home/shashank/bumperbot_ws/install/local_setup.sh'
[2.339s] INFO:colcon.colcon_core.shell:Creating prefix util module '/home/shashank/bumperbot_ws/install/_local_setup_util_sh.py'
[2.341s] INFO:colcon.colcon_core.shell:Creating prefix chain script '/home/shashank/bumperbot_ws/install/setup.sh'
[2.344s] INFO:colcon.colcon_core.shell:Creating prefix script '/home/shashank/bumperbot_ws/install/local_setup.bash'
[2.346s] INFO:colcon.colcon_core.shell:Creating prefix chain script '/home/shashank/bumperbot_ws/install/setup.bash'
[2.348s] INFO:colcon.colcon_core.shell:Creating prefix script '/home/shashank/bumperbot_ws/install/local_setup.zsh'
[2.350s] INFO:colcon.colcon_core.shell:Creating prefix chain script '/home/shashank/bumperbot_ws/install/setup.zsh'
