[0.043s] Invoking command in '/home/shashank/bumperbot_ws/build/bumperbot_description': CMAKE_PREFIX_PATH=/opt/ros/humble /usr/bin/cmake --build /home/shashank/bumperbot_ws/build/bumperbot_description -- -j2 -l2
[0.172s] -- Found ament_cmake: 1.3.5 (/opt/ros/humble/share/ament_cmake/cmake)
[0.661s] -- Found ament_lint_auto: 0.12.7 (/opt/ros/humble/share/ament_lint_auto/cmake)
[0.852s] -- Added test 'flake8' to check Python code syntax and style conventions
[0.855s] -- Added test 'lint_cmake' to check CMake code style
[0.857s] -- Added test 'pep257' to check Python code against some of the docstring style conventions in PEP 257
[0.862s] -- Added test 'xmllint' to check XML markup files
[0.873s] -- Configuring done
[0.913s] -- Generating done
[0.923s] -- Build files have been written to: /home/shashank/bumperbot_ws/build/bumperbot_description
[1.097s] Invoked command in '/home/shashank/bumperbot_ws/build/bumperbot_description' returned '0': CMAKE_PREFIX_PATH=/opt/ros/humble /usr/bin/cmake --build /home/shashank/bumperbot_ws/build/bumperbot_description -- -j2 -l2
[1.188s] Invoking command in '/home/shashank/bumperbot_ws/build/bumperbot_description': CMAKE_PREFIX_PATH=/opt/ros/humble /usr/bin/cmake --install /home/shashank/bumperbot_ws/build/bumperbot_description
[1.217s] -- Install configuration: ""
[1.218s] -- Up-to-date: /home/shashank/bumperbot_ws/install/bumperbot_description/share/bumperbot_description/meshes
[1.220s] -- Up-to-date: /home/shashank/bumperbot_ws/install/bumperbot_description/share/bumperbot_description/meshes/caster_rear_link.STL
[1.221s] -- Up-to-date: /home/shashank/bumperbot_ws/install/bumperbot_description/share/bumperbot_description/meshes/imu_link.STL
[1.223s] -- Up-to-date: /home/shashank/bumperbot_ws/install/bumperbot_description/share/bumperbot_description/meshes/wheel_left_link.STL
[1.224s] -- Up-to-date: /home/shashank/bumperbot_ws/install/bumperbot_description/share/bumperbot_description/meshes/caster_front_link.STL
[1.225s] -- Up-to-date: /home/shashank/bumperbot_ws/install/bumperbot_description/share/bumperbot_description/meshes/base_link.STL
[1.226s] -- Up-to-date: /home/shashank/bumperbot_ws/install/bumperbot_description/share/bumperbot_description/meshes/wheel_right_link.STL
[1.227s] -- Up-to-date: /home/shashank/bumperbot_ws/install/bumperbot_description/share/bumperbot_description/urdf
[1.228s] -- Up-to-date: /home/shashank/bumperbot_ws/install/bumperbot_description/share/bumperbot_description/urdf/bumperbot.urdf.xacro
[1.230s] -- Installing: /home/shashank/bumperbot_ws/install/bumperbot_description/share/bumperbot_description/launch
[1.233s] -- Installing: /home/shashank/bumperbot_ws/install/bumperbot_description/share/bumperbot_description/launch/display.launch.py
[1.236s] -- Installing: /home/shashank/bumperbot_ws/install/bumperbot_description/share/bumperbot_description/rviz
[1.237s] -- Installing: /home/shashank/bumperbot_ws/install/bumperbot_description/share/bumperbot_description/rviz/display.rviz
[1.240s] -- Installing: /home/shashank/bumperbot_ws/install/bumperbot_description/share/ament_index/resource_index/package_run_dependencies/bumperbot_description
[1.242s] -- Up-to-date: /home/shashank/bumperbot_ws/install/bumperbot_description/share/ament_index/resource_index/parent_prefix_path/bumperbot_description
[1.243s] -- Up-to-date: /home/shashank/bumperbot_ws/install/bumperbot_description/share/bumperbot_description/environment/ament_prefix_path.sh
[1.244s] -- Installing: /home/shashank/bumperbot_ws/install/bumperbot_description/share/bumperbot_description/environment/ament_prefix_path.dsv
[1.248s] -- Up-to-date: /home/shashank/bumperbot_ws/install/bumperbot_description/share/bumperbot_description/environment/path.sh
[1.249s] -- Installing: /home/shashank/bumperbot_ws/install/bumperbot_description/share/bumperbot_description/environment/path.dsv
[1.251s] -- Up-to-date: /home/shashank/bumperbot_ws/install/bumperbot_description/share/bumperbot_description/local_setup.bash
[1.253s] -- Up-to-date: /home/shashank/bumperbot_ws/install/bumperbot_description/share/bumperbot_description/local_setup.sh
[1.255s] -- Up-to-date: /home/shashank/bumperbot_ws/install/bumperbot_description/share/bumperbot_description/local_setup.zsh
[1.257s] -- Installing: /home/shashank/bumperbot_ws/install/bumperbot_description/share/bumperbot_description/local_setup.dsv
[1.260s] -- Installing: /home/shashank/bumperbot_ws/install/bumperbot_description/share/bumperbot_description/package.dsv
[1.262s] -- Up-to-date: /home/shashank/bumperbot_ws/install/bumperbot_description/share/ament_index/resource_index/packages/bumperbot_description
[1.264s] -- Up-to-date: /home/shashank/bumperbot_ws/install/bumperbot_description/share/bumperbot_description/cmake/bumperbot_descriptionConfig.cmake
[1.265s] -- Up-to-date: /home/shashank/bumperbot_ws/install/bumperbot_description/share/bumperbot_description/cmake/bumperbot_descriptionConfig-version.cmake
[1.266s] -- Installing: /home/shashank/bumperbot_ws/install/bumperbot_description/share/bumperbot_description/package.xml
[1.276s] Invoked command in '/home/shashank/bumperbot_ws/build/bumperbot_description' returned '0': CMAKE_PREFIX_PATH=/opt/ros/humble /usr/bin/cmake --install /home/shashank/bumperbot_ws/build/bumperbot_description
