[0.034s] Invoking command in '/home/shashank/bumperbot_ws/build/bumperbot_description': CMAKE_PREFIX_PATH=/opt/ros/humble /usr/bin/cmake /home/shashank/bumperbot_ws/src/bumperbot_description -DCMAKE_INSTALL_PREFIX=/home/shashank/bumperbot_ws/install/bumperbot_description
[0.433s] -- The C compiler identification is GNU 11.4.0
[0.731s] -- The CXX compiler identification is GNU 11.4.0
[0.760s] -- Detecting C compiler ABI info
[0.936s] -- Detecting C compiler ABI info - done
[0.953s] -- Check for working C compiler: /usr/bin/cc - skipped
[0.954s] -- Detecting C compile features
[0.956s] -- Detecting C compile features - done
[0.964s] -- Detecting CXX compiler ABI info
[1.135s] -- Detecting CXX compiler ABI info - done
[1.143s] -- Check for working CXX compiler: /usr/bin/c++ - skipped
[1.144s] -- Detecting CXX compile features
[1.145s] -- Detecting CXX compile features - done
[1.161s] -- Found ament_cmake: 1.3.5 (/opt/ros/humble/share/ament_cmake/cmake)
[1.467s] -- Found Python3: /usr/bin/python3.10 (found version "3.10.12") found components: Interpreter 
[1.697s] -- Found ament_lint_auto: 0.12.7 (/opt/ros/humble/share/ament_lint_auto/cmake)
[1.855s] -- Added test 'lint_cmake' to check CMake code style
[1.859s] -- Added test 'xmllint' to check XML markup files
[1.864s] -- Configuring done
[1.870s] -- Generating done
[1.873s] -- Build files have been written to: /home/shashank/bumperbot_ws/build/bumperbot_description
[1.885s] Invoked command in '/home/shashank/bumperbot_ws/build/bumperbot_description' returned '0': CMAKE_PREFIX_PATH=/opt/ros/humble /usr/bin/cmake /home/shashank/bumperbot_ws/src/bumperbot_description -DCMAKE_INSTALL_PREFIX=/home/shashank/bumperbot_ws/install/bumperbot_description
[1.886s] Invoking command in '/home/shashank/bumperbot_ws/build/bumperbot_description': CMAKE_PREFIX_PATH=/opt/ros/humble /usr/bin/cmake --build /home/shashank/bumperbot_ws/build/bumperbot_description -- -j2 -l2
[1.970s] Invoked command in '/home/shashank/bumperbot_ws/build/bumperbot_description' returned '0': CMAKE_PREFIX_PATH=/opt/ros/humble /usr/bin/cmake --build /home/shashank/bumperbot_ws/build/bumperbot_description -- -j2 -l2
[2.024s] Invoking command in '/home/shashank/bumperbot_ws/build/bumperbot_description': CMAKE_PREFIX_PATH=/opt/ros/humble /usr/bin/cmake --install /home/shashank/bumperbot_ws/build/bumperbot_description
[2.039s] -- Install configuration: ""
[2.040s] -- Installing: /home/shashank/bumperbot_ws/install/bumperbot_description/share/ament_index/resource_index/package_run_dependencies/bumperbot_description
[2.040s] -- Installing: /home/shashank/bumperbot_ws/install/bumperbot_description/share/ament_index/resource_index/parent_prefix_path/bumperbot_description
[2.040s] -- Installing: /home/shashank/bumperbot_ws/install/bumperbot_description/share/bumperbot_description/environment/ament_prefix_path.sh
[2.040s] -- Installing: /home/shashank/bumperbot_ws/install/bumperbot_description/share/bumperbot_description/environment/ament_prefix_path.dsv
[2.041s] -- Installing: /home/shashank/bumperbot_ws/install/bumperbot_description/share/bumperbot_description/environment/path.sh
[2.041s] -- Installing: /home/shashank/bumperbot_ws/install/bumperbot_description/share/bumperbot_description/environment/path.dsv
[2.041s] -- Installing: /home/shashank/bumperbot_ws/install/bumperbot_description/share/bumperbot_description/local_setup.bash
[2.041s] -- Installing: /home/shashank/bumperbot_ws/install/bumperbot_description/share/bumperbot_description/local_setup.sh
[2.042s] -- Installing: /home/shashank/bumperbot_ws/install/bumperbot_description/share/bumperbot_description/local_setup.zsh
[2.043s] -- Installing: /home/shashank/bumperbot_ws/install/bumperbot_description/share/bumperbot_description/local_setup.dsv
[2.043s] -- Installing: /home/shashank/bumperbot_ws/install/bumperbot_description/share/bumperbot_description/package.dsv
[2.043s] -- Installing: /home/shashank/bumperbot_ws/install/bumperbot_description/share/ament_index/resource_index/packages/bumperbot_description
[2.043s] -- Installing: /home/shashank/bumperbot_ws/install/bumperbot_description/share/bumperbot_description/cmake/bumperbot_descriptionConfig.cmake
[2.044s] -- Installing: /home/shashank/bumperbot_ws/install/bumperbot_description/share/bumperbot_description/cmake/bumperbot_descriptionConfig-version.cmake
[2.044s] -- Installing: /home/shashank/bumperbot_ws/install/bumperbot_description/share/bumperbot_description/package.xml
[2.050s] Invoked command in '/home/shashank/bumperbot_ws/build/bumperbot_description' returned '0': CMAKE_PREFIX_PATH=/opt/ros/humble /usr/bin/cmake --install /home/shashank/bumperbot_ws/build/bumperbot_description
