[1.085s] Invoking command in '/home/shashank/bumperbot_ws/src/bumperbot_py_examples': PYTHONPATH=/home/shashank/bumperbot_ws/build/bumperbot_py_examples/prefix_override:/home/shashank/bumperbot_ws/install/bumperbot_py_examples/lib/python3.10/site-packages:${PYTHONPATH} /usr/bin/python3 setup.py egg_info --egg-base ../../build/bumperbot_py_examples build --build-base /home/shashank/bumperbot_ws/build/bumperbot_py_examples/build install --record /home/shashank/bumperbot_ws/build/bumperbot_py_examples/install.log --single-version-externally-managed
[1.498s] running egg_info
[1.500s] writing ../../build/bumperbot_py_examples/bumperbot_py_examples.egg-info/PKG-INFO
[1.501s] writing dependency_links to ../../build/bumperbot_py_examples/bumperbot_py_examples.egg-info/dependency_links.txt
[1.503s] writing entry points to ../../build/bumperbot_py_examples/bumperbot_py_examples.egg-info/entry_points.txt
[1.503s] writing requirements to ../../build/bumperbot_py_examples/bumperbot_py_examples.egg-info/requires.txt
[1.504s] writing top-level names to ../../build/bumperbot_py_examples/bumperbot_py_examples.egg-info/top_level.txt
[1.507s] reading manifest file '../../build/bumperbot_py_examples/bumperbot_py_examples.egg-info/SOURCES.txt'
[1.508s] writing manifest file '../../build/bumperbot_py_examples/bumperbot_py_examples.egg-info/SOURCES.txt'
[1.509s] running build
[1.509s] running build_py
[1.510s] copying bumperbot_py_examples/simple_parameter.py -> /home/shashank/bumperbot_ws/build/bumperbot_py_examples/build/lib/bumperbot_py_examples
[1.512s] /usr/lib/python3/dist-packages/setuptools/command/install.py:34: SetuptoolsDeprecationWarning: setup.py install is deprecated. Use build and pip and other standards-based tools.
[1.512s]   warnings.warn(
[1.513s] running install
[1.513s] running install_lib
[1.513s] copying /home/shashank/bumperbot_ws/build/bumperbot_py_examples/build/lib/bumperbot_py_examples/simple_parameter.py -> /home/shashank/bumperbot_ws/install/bumperbot_py_examples/lib/python3.10/site-packages/bumperbot_py_examples
[1.515s] byte-compiling /home/shashank/bumperbot_ws/install/bumperbot_py_examples/lib/python3.10/site-packages/bumperbot_py_examples/simple_parameter.py to simple_parameter.cpython-310.pyc
[1.516s] running install_data
[1.520s] copying package.xml -> /home/shashank/bumperbot_ws/install/bumperbot_py_examples/share/bumperbot_py_examples
[1.520s] running install_egg_info
[1.521s] removing '/home/shashank/bumperbot_ws/install/bumperbot_py_examples/lib/python3.10/site-packages/bumperbot_py_examples-0.0.0-py3.10.egg-info' (and everything under it)
[1.533s] Copying ../../build/bumperbot_py_examples/bumperbot_py_examples.egg-info to /home/shashank/bumperbot_ws/install/bumperbot_py_examples/lib/python3.10/site-packages/bumperbot_py_examples-0.0.0-py3.10.egg-info
[1.533s] running install_scripts
[1.562s] Installing simple_parameter script to /home/shashank/bumperbot_ws/install/bumperbot_py_examples/lib/bumperbot_py_examples
[1.562s] Installing simple_publisher script to /home/shashank/bumperbot_ws/install/bumperbot_py_examples/lib/bumperbot_py_examples
[1.564s] Installing simple_subscriber script to /home/shashank/bumperbot_ws/install/bumperbot_py_examples/lib/bumperbot_py_examples
[1.565s] writing list of installed files to '/home/shashank/bumperbot_ws/build/bumperbot_py_examples/install.log'
[1.611s] Invoked command in '/home/shashank/bumperbot_ws/src/bumperbot_py_examples' returned '0': PYTHONPATH=/home/shashank/bumperbot_ws/build/bumperbot_py_examples/prefix_override:/home/shashank/bumperbot_ws/install/bumperbot_py_examples/lib/python3.10/site-packages:${PYTHONPATH} /usr/bin/python3 setup.py egg_info --egg-base ../../build/bumperbot_py_examples build --build-base /home/shashank/bumperbot_ws/build/bumperbot_py_examples/build install --record /home/shashank/bumperbot_ws/build/bumperbot_py_examples/install.log --single-version-externally-managed
