[0.078s] Invoking command in '/home/shashank/bumperbot_ws/build/bumperbot_cpp_example': CMAKE_PREFIX_PATH=/opt/ros/humble /usr/bin/cmake --build /home/shashank/bumperbot_ws/build/bumperbot_cpp_example -- -j2 -l2
[0.295s] Invoked command in '/home/shashank/bumperbot_ws/build/bumperbot_cpp_example' returned '0': CMAKE_PREFIX_PATH=/opt/ros/humble /usr/bin/cmake --build /home/shashank/bumperbot_ws/build/bumperbot_cpp_example -- -j2 -l2
[0.485s] Invoking command in '/home/shashank/bumperbot_ws/build/bumperbot_cpp_example': CMAKE_PREFIX_PATH=/opt/ros/humble /usr/bin/cmake --install /home/shashank/bumperbot_ws/build/bumperbot_cpp_example
[0.521s] -- Install configuration: ""
[0.523s] -- Up-to-date: /home/shashank/bumperbot_ws/install/bumperbot_cpp_example/share/ament_index/resource_index/package_run_dependencies/bumperbot_cpp_example
[0.526s] -- Up-to-date: /home/shashank/bumperbot_ws/install/bumperbot_cpp_example/share/ament_index/resource_index/parent_prefix_path/bumperbot_cpp_example
[0.536s] -- Up-to-date: /home/shashank/bumperbot_ws/install/bumperbot_cpp_example/share/bumperbot_cpp_example/environment/ament_prefix_path.sh
[0.537s] -- Up-to-date: /home/shashank/bumperbot_ws/install/bumperbot_cpp_example/share/bumperbot_cpp_example/environment/ament_prefix_path.dsv
[0.538s] -- Up-to-date: /home/shashank/bumperbot_ws/install/bumperbot_cpp_example/share/bumperbot_cpp_example/environment/path.sh
[0.539s] -- Up-to-date: /home/shashank/bumperbot_ws/install/bumperbot_cpp_example/share/bumperbot_cpp_example/environment/path.dsv
[0.540s] -- Up-to-date: /home/shashank/bumperbot_ws/install/bumperbot_cpp_example/share/bumperbot_cpp_example/local_setup.bash
[0.542s] -- Up-to-date: /home/shashank/bumperbot_ws/install/bumperbot_cpp_example/share/bumperbot_cpp_example/local_setup.sh
[0.547s] -- Up-to-date: /home/shashank/bumperbot_ws/install/bumperbot_cpp_example/share/bumperbot_cpp_example/local_setup.zsh
[0.548s] -- Up-to-date: /home/shashank/bumperbot_ws/install/bumperbot_cpp_example/share/bumperbot_cpp_example/local_setup.dsv
[0.548s] -- Installing: /home/shashank/bumperbot_ws/install/bumperbot_cpp_example/share/bumperbot_cpp_example/package.dsv
[0.553s] -- Up-to-date: /home/shashank/bumperbot_ws/install/bumperbot_cpp_example/share/ament_index/resource_index/packages/bumperbot_cpp_example
[0.554s] -- Up-to-date: /home/shashank/bumperbot_ws/install/bumperbot_cpp_example/share/bumperbot_cpp_example/cmake/bumperbot_cpp_exampleConfig.cmake
[0.555s] -- Up-to-date: /home/shashank/bumperbot_ws/install/bumperbot_cpp_example/share/bumperbot_cpp_example/cmake/bumperbot_cpp_exampleConfig-version.cmake
[0.557s] -- Up-to-date: /home/shashank/bumperbot_ws/install/bumperbot_cpp_example/share/bumperbot_cpp_example/package.xml
[0.569s] Invoked command in '/home/shashank/bumperbot_ws/build/bumperbot_cpp_example' returned '0': CMAKE_PREFIX_PATH=/opt/ros/humble /usr/bin/cmake --install /home/shashank/bumperbot_ws/build/bumperbot_cpp_example
