[0.041s] Invoking command in '/home/shashank/bumperbot_ws/build/bumperbot_cpp_example': CMAKE_PREFIX_PATH=/opt/ros/humble /usr/bin/cmake --build /home/shashank/bumperbot_ws/build/bumperbot_cpp_example -- -j2 -l2
[0.558s] Invoked command in '/home/shashank/bumperbot_ws/build/bumperbot_cpp_example' returned '0': CMAKE_PREFIX_PATH=/opt/ros/humble /usr/bin/cmake --build /home/shashank/bumperbot_ws/build/bumperbot_cpp_example -- -j2 -l2
[0.626s] Invoking command in '/home/shashank/bumperbot_ws/build/bumperbot_cpp_example': CMAKE_PREFIX_PATH=/opt/ros/humble /usr/bin/cmake --install /home/shashank/bumperbot_ws/build/bumperbot_cpp_example
[0.645s] -- Install configuration: ""
[0.645s] -- Up-to-date: /home/shashank/bumperbot_ws/install/bumperbot_cpp_example/share/ament_index/resource_index/package_run_dependencies/bumperbot_cpp_example
[0.645s] -- Up-to-date: /home/shashank/bumperbot_ws/install/bumperbot_cpp_example/share/ament_index/resource_index/parent_prefix_path/bumperbot_cpp_example
[0.646s] -- Up-to-date: /home/shashank/bumperbot_ws/install/bumperbot_cpp_example/share/bumperbot_cpp_example/environment/ament_prefix_path.sh
[0.647s] -- Up-to-date: /home/shashank/bumperbot_ws/install/bumperbot_cpp_example/share/bumperbot_cpp_example/environment/ament_prefix_path.dsv
[0.648s] -- Up-to-date: /home/shashank/bumperbot_ws/install/bumperbot_cpp_example/share/bumperbot_cpp_example/environment/path.sh
[0.649s] -- Up-to-date: /home/shashank/bumperbot_ws/install/bumperbot_cpp_example/share/bumperbot_cpp_example/environment/path.dsv
[0.649s] -- Up-to-date: /home/shashank/bumperbot_ws/install/bumperbot_cpp_example/share/bumperbot_cpp_example/local_setup.bash
[0.651s] -- Up-to-date: /home/shashank/bumperbot_ws/install/bumperbot_cpp_example/share/bumperbot_cpp_example/local_setup.sh
[0.651s] -- Up-to-date: /home/shashank/bumperbot_ws/install/bumperbot_cpp_example/share/bumperbot_cpp_example/local_setup.zsh
[0.652s] -- Up-to-date: /home/shashank/bumperbot_ws/install/bumperbot_cpp_example/share/bumperbot_cpp_example/local_setup.dsv
[0.652s] -- Up-to-date: /home/shashank/bumperbot_ws/install/bumperbot_cpp_example/share/bumperbot_cpp_example/package.dsv
[0.653s] -- Up-to-date: /home/shashank/bumperbot_ws/install/bumperbot_cpp_example/share/ament_index/resource_index/packages/bumperbot_cpp_example
[0.654s] -- Up-to-date: /home/shashank/bumperbot_ws/install/bumperbot_cpp_example/share/bumperbot_cpp_example/cmake/bumperbot_cpp_exampleConfig.cmake
[0.655s] -- Up-to-date: /home/shashank/bumperbot_ws/install/bumperbot_cpp_example/share/bumperbot_cpp_example/cmake/bumperbot_cpp_exampleConfig-version.cmake
[0.656s] -- Up-to-date: /home/shashank/bumperbot_ws/install/bumperbot_cpp_example/share/bumperbot_cpp_example/package.xml
[0.661s] Invoked command in '/home/shashank/bumperbot_ws/build/bumperbot_cpp_example' returned '0': CMAKE_PREFIX_PATH=/opt/ros/humble /usr/bin/cmake --install /home/shashank/bumperbot_ws/build/bumperbot_cpp_example
