[2.254s] DEBUG:colcon:Command line arguments: ['/usr/bin/colcon', 'list', '-p', '--base-paths', '/home/shashank/bumperbot_ws']
[2.254s] DEBUG:colcon:Parsed command line arguments: Namespace(log_base=None, log_level=None, verb_name='list', build_base='build', ignore_user_meta=False, metas=['./colcon.meta'], base_paths=['/home/shashank/bumperbot_ws'], packages_ignore=None, packages_ignore_regex=None, paths=None, packages_up_to=None, packages_up_to_regex=None, packages_above=None, packages_above_and_dependencies=None, packages_above_depth=None, packages_select_by_dep=None, packages_skip_by_dep=None, packages_skip_up_to=None, packages_select_build_failed=False, packages_skip_build_finished=False, packages_select_test_failures=False, packages_skip_test_passed=False, packages_select=None, packages_skip=None, packages_select_regex=None, packages_skip_regex=None, packages_start=None, packages_end=None, allow_overriding=[], topological_order=False, names_only=False, paths_only=True, topological_graph=False, topological_graph_dot=False, topological_graph_density=False, topological_graph_legend=False, topological_graph_dot_cluster=False, topological_graph_dot_include_skipped=False, verb_parser=<colcon_defaults.argument_parser.defaults.DefaultArgumentsDecorator object at 0x7b29ca8f8fa0>, verb_extension=<colcon_package_information.verb.list.ListVerb object at 0x7b29ca8c4580>, main=<bound method ListVerb.main of <colcon_package_information.verb.list.ListVerb object at 0x7b29ca8c4580>>)
[2.588s] Level 1:colcon.colcon_core.package_discovery:discover_packages(colcon_meta) check parameters
[2.599s] Level 1:colcon.colcon_core.package_discovery:discover_packages(recursive) check parameters
[2.602s] Level 1:colcon.colcon_core.package_discovery:discover_packages(ignore) check parameters
[2.606s] Level 1:colcon.colcon_core.package_discovery:discover_packages(path) check parameters
[2.606s] Level 1:colcon.colcon_core.package_discovery:discover_packages(recursive) discover
[2.607s] INFO:colcon.colcon_core.package_discovery:Crawling recursively for packages in '/home/shashank/bumperbot_ws'
[2.607s] Level 1:colcon.colcon_core.package_identification:_identify(/home/shashank/bumperbot_ws) by extensions ['ignore', 'ignore_ament_install']
[2.608s] Level 1:colcon.colcon_core.package_identification:_identify(/home/shashank/bumperbot_ws) by extension 'ignore'
[2.609s] Level 1:colcon.colcon_core.package_identification:_identify(/home/shashank/bumperbot_ws) by extension 'ignore_ament_install'
[2.610s] Level 1:colcon.colcon_core.package_identification:_identify(/home/shashank/bumperbot_ws) by extensions ['colcon_pkg']
[2.611s] Level 1:colcon.colcon_core.package_identification:_identify(/home/shashank/bumperbot_ws) by extension 'colcon_pkg'
[2.613s] Level 1:colcon.colcon_core.package_identification:_identify(/home/shashank/bumperbot_ws) by extensions ['colcon_meta']
[2.613s] Level 1:colcon.colcon_core.package_identification:_identify(/home/shashank/bumperbot_ws) by extension 'colcon_meta'
[2.613s] Level 1:colcon.colcon_core.package_identification:_identify(/home/shashank/bumperbot_ws) by extensions ['ros']
[2.614s] Level 1:colcon.colcon_core.package_identification:_identify(/home/shashank/bumperbot_ws) by extension 'ros'
[2.719s] Level 1:colcon.colcon_core.package_identification:_identify(/home/shashank/bumperbot_ws) by extensions ['cmake', 'python']
[2.720s] Level 1:colcon.colcon_core.package_identification:_identify(/home/shashank/bumperbot_ws) by extension 'cmake'
[2.720s] Level 1:colcon.colcon_core.package_identification:_identify(/home/shashank/bumperbot_ws) by extension 'python'
[2.725s] Level 1:colcon.colcon_core.package_identification:_identify(/home/shashank/bumperbot_ws) by extensions ['python_setup_py']
[2.726s] Level 1:colcon.colcon_core.package_identification:_identify(/home/shashank/bumperbot_ws) by extension 'python_setup_py'
[2.727s] Level 1:colcon.colcon_core.package_identification:_identify(/home/shashank/bumperbot_ws/build) by extensions ['ignore', 'ignore_ament_install']
[2.731s] Level 1:colcon.colcon_core.package_identification:_identify(/home/shashank/bumperbot_ws/build) by extension 'ignore'
[2.733s] Level 1:colcon.colcon_core.package_identification:_identify(/home/shashank/bumperbot_ws/build) ignored
[2.735s] Level 1:colcon.colcon_core.package_identification:_identify(/home/shashank/bumperbot_ws/install) by extensions ['ignore', 'ignore_ament_install']
[2.735s] Level 1:colcon.colcon_core.package_identification:_identify(/home/shashank/bumperbot_ws/install) by extension 'ignore'
[2.738s] Level 1:colcon.colcon_core.package_identification:_identify(/home/shashank/bumperbot_ws/install) ignored
[2.741s] Level 1:colcon.colcon_core.package_identification:_identify(/home/shashank/bumperbot_ws/log) by extensions ['ignore', 'ignore_ament_install']
[2.744s] Level 1:colcon.colcon_core.package_identification:_identify(/home/shashank/bumperbot_ws/log) by extension 'ignore'
[2.746s] Level 1:colcon.colcon_core.package_identification:_identify(/home/shashank/bumperbot_ws/log) ignored
[2.747s] Level 1:colcon.colcon_core.package_identification:_identify(/home/shashank/bumperbot_ws/src) by extensions ['ignore', 'ignore_ament_install']
[2.747s] Level 1:colcon.colcon_core.package_identification:_identify(/home/shashank/bumperbot_ws/src) by extension 'ignore'
[2.747s] Level 1:colcon.colcon_core.package_identification:_identify(/home/shashank/bumperbot_ws/src) by extension 'ignore_ament_install'
[2.747s] Level 1:colcon.colcon_core.package_identification:_identify(/home/shashank/bumperbot_ws/src) by extensions ['colcon_pkg']
[2.747s] Level 1:colcon.colcon_core.package_identification:_identify(/home/shashank/bumperbot_ws/src) by extension 'colcon_pkg'
[2.748s] Level 1:colcon.colcon_core.package_identification:_identify(/home/shashank/bumperbot_ws/src) by extensions ['colcon_meta']
[2.748s] Level 1:colcon.colcon_core.package_identification:_identify(/home/shashank/bumperbot_ws/src) by extension 'colcon_meta'
[2.748s] Level 1:colcon.colcon_core.package_identification:_identify(/home/shashank/bumperbot_ws/src) by extensions ['ros']
[2.750s] Level 1:colcon.colcon_core.package_identification:_identify(/home/shashank/bumperbot_ws/src) by extension 'ros'
[2.750s] Level 1:colcon.colcon_core.package_identification:_identify(/home/shashank/bumperbot_ws/src) by extensions ['cmake', 'python']
[2.757s] Level 1:colcon.colcon_core.package_identification:_identify(/home/shashank/bumperbot_ws/src) by extension 'cmake'
[2.758s] Level 1:colcon.colcon_core.package_identification:_identify(/home/shashank/bumperbot_ws/src) by extension 'python'
[2.760s] Level 1:colcon.colcon_core.package_identification:_identify(/home/shashank/bumperbot_ws/src) by extensions ['python_setup_py']
[2.760s] Level 1:colcon.colcon_core.package_identification:_identify(/home/shashank/bumperbot_ws/src) by extension 'python_setup_py'
[2.760s] Level 1:colcon.colcon_core.package_identification:_identify(/home/shashank/bumperbot_ws/src/bumperbot_cpp_example) by extensions ['ignore', 'ignore_ament_install']
[2.761s] Level 1:colcon.colcon_core.package_identification:_identify(/home/shashank/bumperbot_ws/src/bumperbot_cpp_example) by extension 'ignore'
[2.770s] Level 1:colcon.colcon_core.package_identification:_identify(/home/shashank/bumperbot_ws/src/bumperbot_cpp_example) by extension 'ignore_ament_install'
[2.771s] Level 1:colcon.colcon_core.package_identification:_identify(/home/shashank/bumperbot_ws/src/bumperbot_cpp_example) by extensions ['colcon_pkg']
[2.771s] Level 1:colcon.colcon_core.package_identification:_identify(/home/shashank/bumperbot_ws/src/bumperbot_cpp_example) by extension 'colcon_pkg'
[2.771s] Level 1:colcon.colcon_core.package_identification:_identify(/home/shashank/bumperbot_ws/src/bumperbot_cpp_example) by extensions ['colcon_meta']
[2.771s] Level 1:colcon.colcon_core.package_identification:_identify(/home/shashank/bumperbot_ws/src/bumperbot_cpp_example) by extension 'colcon_meta'
[2.771s] Level 1:colcon.colcon_core.package_identification:_identify(/home/shashank/bumperbot_ws/src/bumperbot_cpp_example) by extensions ['ros']
[2.772s] Level 1:colcon.colcon_core.package_identification:_identify(/home/shashank/bumperbot_ws/src/bumperbot_cpp_example) by extension 'ros'
[2.785s] DEBUG:colcon.colcon_core.package_identification:Package '/home/shashank/bumperbot_ws/src/bumperbot_cpp_example' with type 'ros.ament_cmake' and name 'bumperbot_cpp_example'
[2.787s] Level 1:colcon.colcon_core.package_identification:_identify(/home/shashank/bumperbot_ws/src/bumperbot_py_examples) by extensions ['ignore', 'ignore_ament_install']
[2.787s] Level 1:colcon.colcon_core.package_identification:_identify(/home/shashank/bumperbot_ws/src/bumperbot_py_examples) by extension 'ignore'
[2.787s] Level 1:colcon.colcon_core.package_identification:_identify(/home/shashank/bumperbot_ws/src/bumperbot_py_examples) by extension 'ignore_ament_install'
[2.788s] Level 1:colcon.colcon_core.package_identification:_identify(/home/shashank/bumperbot_ws/src/bumperbot_py_examples) by extensions ['colcon_pkg']
[2.793s] Level 1:colcon.colcon_core.package_identification:_identify(/home/shashank/bumperbot_ws/src/bumperbot_py_examples) by extension 'colcon_pkg'
[2.793s] Level 1:colcon.colcon_core.package_identification:_identify(/home/shashank/bumperbot_ws/src/bumperbot_py_examples) by extensions ['colcon_meta']
[2.793s] Level 1:colcon.colcon_core.package_identification:_identify(/home/shashank/bumperbot_ws/src/bumperbot_py_examples) by extension 'colcon_meta'
[2.793s] Level 1:colcon.colcon_core.package_identification:_identify(/home/shashank/bumperbot_ws/src/bumperbot_py_examples) by extensions ['ros']
[2.793s] Level 1:colcon.colcon_core.package_identification:_identify(/home/shashank/bumperbot_ws/src/bumperbot_py_examples) by extension 'ros'
[2.797s] DEBUG:colcon.colcon_core.package_identification:Package '/home/shashank/bumperbot_ws/src/bumperbot_py_examples' with type 'ros.ament_python' and name 'bumperbot_py_examples'
[2.799s] Level 1:colcon.colcon_core.package_discovery:discover_packages(recursive) using defaults
