[0.046s] Invoking command in '/home/shashank/bumperbot_ws/build/bumperbot_description': CMAKE_PREFIX_PATH=/opt/ros/humble /usr/bin/cmake --build /home/shashank/bumperbot_ws/build/bumperbot_description -- -j2 -l2
[0.084s] -- Found ament_cmake: 1.3.5 (/opt/ros/humble/share/ament_cmake/cmake)
[0.354s] -- Found ament_lint_auto: 0.12.7 (/opt/ros/humble/share/ament_lint_auto/cmake)
[0.471s] -- Added test 'lint_cmake' to check CMake code style
[0.475s] -- Added test 'xmllint' to check XML markup files
[0.476s] -- Configuring done
[0.485s] -- Generating done
[0.491s] -- Build files have been written to: /home/shashank/bumperbot_ws/build/bumperbot_description
[0.873s] Invoked command in '/home/shashank/bumperbot_ws/build/bumperbot_description' returned '0': CMAKE_PREFIX_PATH=/opt/ros/humble /usr/bin/cmake --build /home/shashank/bumperbot_ws/build/bumperbot_description -- -j2 -l2
[0.947s] Invoking command in '/home/shashank/bumperbot_ws/build/bumperbot_description': CMAKE_PREFIX_PATH=/opt/ros/humble /usr/bin/cmake --install /home/shashank/bumperbot_ws/build/bumperbot_description
[0.965s] -- Install configuration: ""
[0.966s] -- Installing: /home/shashank/bumperbot_ws/install/bumperbot_description/share/bumperbot_description/meshes
[0.970s] -- Installing: /home/shashank/bumperbot_ws/install/bumperbot_description/share/bumperbot_description/meshes/caster_rear_link.STL
[0.983s] -- Installing: /home/shashank/bumperbot_ws/install/bumperbot_description/share/bumperbot_description/meshes/imu_link.STL
[0.984s] -- Installing: /home/shashank/bumperbot_ws/install/bumperbot_description/share/bumperbot_description/meshes/wheel_left_link.STL
[1.013s] -- Installing: /home/shashank/bumperbot_ws/install/bumperbot_description/share/bumperbot_description/meshes/caster_front_link.STL
[1.014s] -- Installing: /home/shashank/bumperbot_ws/install/bumperbot_description/share/bumperbot_description/meshes/base_link.STL
[1.208s] -- Installing: /home/shashank/bumperbot_ws/install/bumperbot_description/share/bumperbot_description/meshes/wheel_right_link.STL
[1.209s] -- Installing: /home/shashank/bumperbot_ws/install/bumperbot_description/share/bumperbot_description/urdf
[1.210s] -- Installing: /home/shashank/bumperbot_ws/install/bumperbot_description/share/bumperbot_description/urdf/bumperbot.urdf.xacro
[1.216s] -- Up-to-date: /home/shashank/bumperbot_ws/install/bumperbot_description/share/ament_index/resource_index/package_run_dependencies/bumperbot_description
[1.217s] -- Up-to-date: /home/shashank/bumperbot_ws/install/bumperbot_description/share/ament_index/resource_index/parent_prefix_path/bumperbot_description
[1.219s] -- Up-to-date: /home/shashank/bumperbot_ws/install/bumperbot_description/share/bumperbot_description/environment/ament_prefix_path.sh
[1.220s] -- Installing: /home/shashank/bumperbot_ws/install/bumperbot_description/share/bumperbot_description/environment/ament_prefix_path.dsv
[1.223s] -- Up-to-date: /home/shashank/bumperbot_ws/install/bumperbot_description/share/bumperbot_description/environment/path.sh
[1.226s] -- Installing: /home/shashank/bumperbot_ws/install/bumperbot_description/share/bumperbot_description/environment/path.dsv
[1.235s] -- Up-to-date: /home/shashank/bumperbot_ws/install/bumperbot_description/share/bumperbot_description/local_setup.bash
[1.236s] -- Up-to-date: /home/shashank/bumperbot_ws/install/bumperbot_description/share/bumperbot_description/local_setup.sh
[1.236s] -- Up-to-date: /home/shashank/bumperbot_ws/install/bumperbot_description/share/bumperbot_description/local_setup.zsh
[1.237s] -- Installing: /home/shashank/bumperbot_ws/install/bumperbot_description/share/bumperbot_description/local_setup.dsv
[1.240s] -- Installing: /home/shashank/bumperbot_ws/install/bumperbot_description/share/bumperbot_description/package.dsv
[1.241s] -- Up-to-date: /home/shashank/bumperbot_ws/install/bumperbot_description/share/ament_index/resource_index/packages/bumperbot_description
[1.241s] -- Up-to-date: /home/shashank/bumperbot_ws/install/bumperbot_description/share/bumperbot_description/cmake/bumperbot_descriptionConfig.cmake
[1.242s] -- Up-to-date: /home/shashank/bumperbot_ws/install/bumperbot_description/share/bumperbot_description/cmake/bumperbot_descriptionConfig-version.cmake
[1.244s] -- Up-to-date: /home/shashank/bumperbot_ws/install/bumperbot_description/share/bumperbot_description/package.xml
[1.278s] Invoked command in '/home/shashank/bumperbot_ws/build/bumperbot_description' returned '0': CMAKE_PREFIX_PATH=/opt/ros/humble /usr/bin/cmake --install /home/shashank/bumperbot_ws/build/bumperbot_description
